************* Module pygsti.report.plotting
E:1277,29: Undefined variable 'xvals' (undefined-variable)
E:1277,36: Undefined variable 'yvals' (undefined-variable)
E:1277,43: Undefined variable 'xy_gatestring_dict' (undefined-variable)
E:1277,63: Undefined variable 'subMxs' (undefined-variable)
E:1277,71: Undefined variable 'stdcmap' (undefined-variable)
E:1278,28: Undefined variable 'scale' (undefined-variable)
E:1278,34: Undefined variable 'prec' (undefined-variable)
E:1278,45: Undefined variable 'sumUp' (undefined-variable)
E:1278,51: Undefined variable 'boxLabels' (undefined-variable)
E:1278,61: Undefined variable 'histogram' (undefined-variable)
E:1278,71: Undefined variable 'histBins' (undefined-variable)
E:1279,28: Undefined variable 'invert' (undefined-variable)
************* Module pygsti.optimize.customcg
E: 74,44: Using variable 'lastgrad' before assignment (used-before-assignment)
E: 74,55: Using variable 'lastgradnorm' before assignment (used-before-assignment)
************* Module pygsti.io.outputdata
E:104, 0: invalid syntax (syntax-error)
************* Module pygsti.algorithms.fiducialselection
E:460,44: Using variable 'best_weights' before assignment (used-before-assignment)
E:491,41: Undefined variable 'finalFidList' (undefined-variable)
************* Module pygsti.construction.qutrit
E:138,15: Undefined variable '_objs' (undefined-variable)
E:147,21: Undefined variable '_objs' (undefined-variable)
E:148,21: Undefined variable '_objs' (undefined-variable)
E:149,21: Undefined variable '_objs' (undefined-variable)
E:150,21: Undefined variable '_objs' (undefined-variable)
************* Module pygsti.tools.likelihoodfns
E:649,21: Undefined variable 'myFinalToParentFinalMap' (undefined-variable)
E:650,27: Undefined variable 'ii' (undefined-variable)
************* Module pygsti.objects.gigateset
E:177,53: Undefined variable 'vb' (undefined-variable)
E:287,20: Undefined variable 'printrt' (undefined-variable)
E:864,15: Undefined variable 'Etilde' (undefined-variable)
E:863,38: Undefined variable 'Etilde' (undefined-variable)
E:864,51: Undefined variable 'Etilde' (undefined-variable)
E:1021, 4: Undefined variable 'printer' (undefined-variable)
E:1022, 4: Undefined variable 'printer' (undefined-variable)
E:1023, 4: Undefined variable 'printer' (undefined-variable)
E:1024, 4: Undefined variable 'printer' (undefined-variable)
E:1025, 4: Undefined variable 'printer' (undefined-variable)
E:1026, 4: Undefined variable 'printer' (undefined-variable)
************* Module pygsti.objects.gscalc
E:317,19: Undefined variable 'ret' (undefined-variable)
E:1247,69: Undefined variable 'myComm' (undefined-variable)
E:1253,35: Undefined variable 'myComm' (undefined-variable)
E:1381,79: Undefined variable 'myComm' (undefined-variable)
E:1384,29: Undefined variable 'nGateDerivCols' (undefined-variable)
E:1387,35: Undefined variable 'myComm' (undefined-variable)