************* Module pygsti
W: 17, 0: Wildcard import algorithms.core (wildcard-import)
W: 18, 0: Wildcard import algorithms.grammatrix (wildcard-import)
W: 19, 0: Wildcard import tools (wildcard-import)
W: 20, 0: Wildcard import drivers (wildcard-import)
************* Module pygsti.report.html
W: 10,-1: String statement has no effect (pointless-string-statement)
W:222, 4: No exception type(s) specified (bare-except)
************* Module pygsti.report.tableformat
W:168, 0: Anomalous backslash in string: '\p'. String constant might be missing an r prefix. (anomalous-backslash-in-string)
W:186, 0: Anomalous backslash in string: '\p'. String constant might be missing an r prefix. (anomalous-backslash-in-string)
W:203, 0: Anomalous backslash in string: '\p'. String constant might be missing an r prefix. (anomalous-backslash-in-string)
W:  7, 0: String statement has no effect (pointless-string-statement)
W:118, 8: No exception type(s) specified (bare-except)
W:135, 8: Using deprecated method escape() (deprecated-method)
W:248, 9: Unused variable 'name' (unused-variable)
W:248,15: Unused variable 'W' (unused-variable)
W:248,18: Unused variable 'H' (unused-variable)
W:250,16: Unused argument 'figInfo' (unused-argument)
************* Module pygsti.report.table
W: 43, 0: Anomalous backslash in string: '\h'. String constant might be missing an r prefix. (anomalous-backslash-in-string)
W: 45, 0: Anomalous backslash in string: '\h'. String constant might be missing an r prefix. (anomalous-backslash-in-string)
W: 51, 0: Anomalous backslash in string: '\h'. String constant might be missing an r prefix. (anomalous-backslash-in-string)
W: 53, 0: Anomalous backslash in string: '\e'. String constant might be missing an r prefix. (anomalous-backslash-in-string)
W:150, 8: Unused variable 'data' (unused-variable)
W:158,17: Unused variable 'f' (unused-variable)
W:175,29: Unused variable 'rowFormatters' (unused-variable)
W:193,21: Unused variable 'formatters' (unused-variable)
W:218,25: Unused variable 'formatters' (unused-variable)
************* Module pygsti.report.reportables
W: 14,-1: String statement has no effect (pointless-string-statement)
W:352,13: Unused variable 'ubGateMx' (unused-variable)
W:367, 8: Unused variable 'closestUJMx' (unused-variable)
W:568,13: Unused variable 'i' (unused-variable)
W:808,60: Cell variable prepLabel defined in loop (cell-var-from-loop)
W:823,60: Cell variable prepLabel defined in loop (cell-var-from-loop)
W:839,60: Cell variable effectLabel defined in loop (cell-var-from-loop)
W:854,60: Cell variable effectLabel defined in loop (cell-var-from-loop)
************* Module pygsti.report.results
W: 62, 0: TODO: allow this to be passed to __init__? (fixme)
W:1073, 0: TODO: svdTruncateTo set elegantly? (fixme)
W:1537, 0: TODO: add this (fixme)
W:1591, 0: TODO: tables[ref] and then tooltips? (fixme)
W:1599, 0: TODO: tables[ref] and then tooltips? (fixme)
W:1691, 0: TODO: add conditional tooltip string to start of caption (fixme)
W:1768, 0: TODO: add conditional tooltip string to start of caption (fixme)
W:1786, 0: TODO: add conditional tooltip string to start of caption (fixme)
W:3398, 0: TODO: tables[ref] and then tooltips? (fixme)
W:3405, 0: TODO: tables[ref] and then tooltips? (fixme)
W:3590, 0: TODO: add conditional tooltip string to start of caption (fixme)
W:3667, 0: TODO: add conditional tooltip string to start of caption (fixme)
W:3685, 0: TODO: add conditional tooltip string to start of caption (fixme)
W:683, 0: Anomalous backslash in string: '\d'. String constant might be missing an r prefix. (anomalous-backslash-in-string)
W:1632, 0: Anomalous backslash in string: '\c'. String constant might be missing an r prefix. (anomalous-backslash-in-string)
W:1689, 0: Anomalous backslash in string: '\l'. String constant might be missing an r prefix. (anomalous-backslash-in-string)
W:1767, 0: Anomalous backslash in string: '\m'. String constant might be missing an r prefix. (anomalous-backslash-in-string)
W:1769, 0: Anomalous backslash in string: '\l'. String constant might be missing an r prefix. (anomalous-backslash-in-string)
W:1785, 0: Anomalous backslash in string: '\m'. String constant might be missing an r prefix. (anomalous-backslash-in-string)
W:1787, 0: Anomalous backslash in string: '\l'. String constant might be missing an r prefix. (anomalous-backslash-in-string)
W:2377, 0: Anomalous backslash in string: '\c'. String constant might be missing an r prefix. (anomalous-backslash-in-string)
W:2482, 0: Anomalous backslash in string: '\m'. String constant might be missing an r prefix. (anomalous-backslash-in-string)
W:2503, 0: Anomalous backslash in string: '\m'. String constant might be missing an r prefix. (anomalous-backslash-in-string)
W:2796, 0: Anomalous backslash in string: '\c'. String constant might be missing an r prefix. (anomalous-backslash-in-string)
W:3476, 0: Anomalous backslash in string: '\c'. String constant might be missing an r prefix. (anomalous-backslash-in-string)
W:  7, 0: String statement has no effect (pointless-string-statement)
W:270, 8: Access to a protected member _setparent of a client class (protected-access)
W:271, 8: Access to a protected member _setparent of a client class (protected-access)
W:272, 8: Access to a protected member _setparent of a client class (protected-access)
W:343,20: Unused argument 'confidenceLevel' (unused-argument)
W:343,15: Unused argument 'key' (unused-argument)
W:343,37: Unused argument 'vb' (unused-argument)
W:348,20: Unused argument 'confidenceLevel' (unused-argument)
W:348,37: Unused argument 'vb' (unused-argument)
W:348,15: Unused argument 'key' (unused-argument)
W:349,19: Unused variable 'gsBest' (unused-variable)
W:354,20: Unused argument 'confidenceLevel' (unused-argument)
W:354,37: Unused argument 'vb' (unused-argument)
W:354,15: Unused argument 'key' (unused-argument)
W:355,19: Unused variable 'gsBest' (unused-variable)
W:360,20: Unused argument 'confidenceLevel' (unused-argument)
W:360,37: Unused argument 'vb' (unused-argument)
W:360,15: Unused argument 'key' (unused-argument)
W:361,19: Unused variable 'gsBest' (unused-variable)
W:368,15: Unused argument 'key' (unused-argument)
W:368,20: Unused argument 'confidenceLevel' (unused-argument)
W:368,37: Unused argument 'vb' (unused-argument)
W:371,19: Unused variable 'gsBest' (unused-variable)
W:381,12: Unused variable 'gsTgt' (unused-variable)
W:380,15: Unused argument 'key' (unused-argument)
W:380,20: Unused argument 'confidenceLevel' (unused-argument)
W:380,37: Unused argument 'vb' (unused-argument)
W:381,19: Unused variable 'gsBest' (unused-variable)
W:389,20: Unused argument 'confidenceLevel' (unused-argument)
W:389,37: Unused argument 'vb' (unused-argument)
W:390,12: Unused variable 'gsTgt' (unused-variable)
W:389,15: Unused argument 'key' (unused-argument)
W:390,19: Unused variable 'gsBest' (unused-variable)
W:396,20: Unused argument 'confidenceLevel' (unused-argument)
W:396,37: Unused argument 'vb' (unused-argument)
W:397,12: Unused variable 'gsTgt' (unused-variable)
W:396,15: Unused argument 'key' (unused-argument)
W:397,19: Unused variable 'gsBest' (unused-variable)
W:403,20: Unused argument 'confidenceLevel' (unused-argument)
W:403,37: Unused argument 'vb' (unused-argument)
W:404,12: Unused variable 'gsTgt' (unused-variable)
W:403,15: Unused argument 'key' (unused-argument)
W:404,19: Unused variable 'gsBest' (unused-variable)
W:410,20: Unused argument 'confidenceLevel' (unused-argument)
W:410,37: Unused argument 'vb' (unused-argument)
W:411,12: Unused variable 'gsTgt' (unused-variable)
W:410,15: Unused argument 'key' (unused-argument)
W:411,19: Unused variable 'gsBest' (unused-variable)
W:419,12: Unused variable 'gsTgt' (unused-variable)
W:418,15: Unused argument 'key' (unused-argument)
W:418,37: Unused argument 'vb' (unused-argument)
W:425,12: Unused variable 'gsTgt' (unused-variable)
W:424,15: Unused argument 'key' (unused-argument)
W:424,37: Unused argument 'vb' (unused-argument)
W:431,12: Unused variable 'gsTgt' (unused-variable)
W:430,15: Unused argument 'key' (unused-argument)
W:430,37: Unused argument 'vb' (unused-argument)
W:437,12: Unused variable 'gsTgt' (unused-variable)
W:436,15: Unused argument 'key' (unused-argument)
W:436,37: Unused argument 'vb' (unused-argument)
W:443,12: Unused variable 'gsTgt' (unused-variable)
W:442,15: Unused argument 'key' (unused-argument)
W:442,37: Unused argument 'vb' (unused-argument)
W:449,12: Unused variable 'gsTgt' (unused-variable)
W:448,15: Unused argument 'key' (unused-argument)
W:448,37: Unused argument 'vb' (unused-argument)
W:455,12: Unused variable 'gsTgt' (unused-variable)
W:454,15: Unused argument 'key' (unused-argument)
W:454,37: Unused argument 'vb' (unused-argument)
W:460,15: Unused argument 'key' (unused-argument)
W:460,37: Unused argument 'vb' (unused-argument)
W:466,20: Unused argument 'confidenceLevel' (unused-argument)
W:466,37: Unused argument 'vb' (unused-argument)
W:467,12: Unused variable 'gsTgt' (unused-variable)
W:466,15: Unused argument 'key' (unused-argument)
W:472,15: Unused argument 'key' (unused-argument)
W:472,37: Unused argument 'vb' (unused-argument)
W:478,15: Unused argument 'key' (unused-argument)
W:478,37: Unused argument 'vb' (unused-argument)
W:484,15: Unused argument 'key' (unused-argument)
W:484,37: Unused argument 'vb' (unused-argument)
W:491,15: Unused argument 'key' (unused-argument)
W:491,37: Unused argument 'vb' (unused-argument)
W:500,12: Unused variable 'cri' (unused-variable)
W:499,12: Unused variable 'gsTgt' (unused-variable)
W:498,15: Unused argument 'key' (unused-argument)
W:498,37: Unused argument 'vb' (unused-argument)
W:499,19: Unused variable 'gsBest' (unused-variable)
W:508,20: Unused argument 'confidenceLevel' (unused-argument)
W:508,37: Unused argument 'vb' (unused-argument)
W:509,12: Unused variable 'gsTgt' (unused-variable)
W:508,15: Unused argument 'key' (unused-argument)
W:509,19: Unused variable 'gsBest' (unused-variable)
W:516,20: Unused argument 'confidenceLevel' (unused-argument)
W:516,37: Unused argument 'vb' (unused-argument)
W:517,12: Unused variable 'gsTgt' (unused-variable)
W:516,15: Unused argument 'key' (unused-argument)
W:517,19: Unused variable 'gsBest' (unused-variable)
W:524,20: Unused argument 'confidenceLevel' (unused-argument)
W:524,37: Unused argument 'vb' (unused-argument)
W:525,12: Unused variable 'gsTgt' (unused-variable)
W:524,15: Unused argument 'key' (unused-argument)
W:525,19: Unused variable 'gsBest' (unused-variable)
W:542,20: Unused argument 'confidenceLevel' (unused-argument)
W:542,37: Unused argument 'vb' (unused-argument)
W:542,15: Unused argument 'key' (unused-argument)
W:543,19: Unused variable 'gsBest' (unused-variable)
W:548,20: Unused argument 'confidenceLevel' (unused-argument)
W:548,37: Unused argument 'vb' (unused-argument)
W:548,15: Unused argument 'key' (unused-argument)
W:554,20: Unused argument 'confidenceLevel' (unused-argument)
W:554,37: Unused argument 'vb' (unused-argument)
W:554,15: Unused argument 'key' (unused-argument)
W:560,20: Unused argument 'confidenceLevel' (unused-argument)
W:560,37: Unused argument 'vb' (unused-argument)
W:560,15: Unused argument 'key' (unused-argument)
W:567,12: Unused variable 'gsTgt' (unused-variable)
W:566,15: Unused argument 'key' (unused-argument)
W:566,37: Unused argument 'vb' (unused-argument)
W:637,15: Unused argument 'key' (unused-argument)
W:637,37: Unused argument 'vb' (unused-argument)
W:644,15: Unused argument 'key' (unused-argument)
W:644,37: Unused argument 'vb' (unused-argument)
W:647,37: Unused variable 'm' (unused-variable)
W:647,39: Unused variable 'M' (unused-variable)
W:656,15: Unused argument 'key' (unused-argument)
W:656,37: Unused argument 'vb' (unused-argument)
W:659,37: Unused variable 'm' (unused-variable)
W:659,39: Unused variable 'M' (unused-variable)
W:668,15: Unused argument 'key' (unused-argument)
W:672,12: Unused variable 'sumScale' (unused-variable)
W:668,37: Unused argument 'vb' (unused-argument)
W:671,37: Unused variable 'm' (unused-variable)
W:671,39: Unused variable 'M' (unused-variable)
W:684,37: Unused argument 'vb' (unused-argument)
W:687,37: Unused variable 'm' (unused-variable)
W:687,39: Unused variable 'M' (unused-variable)
W:687,21: Unused variable 'gsBest' (unused-variable)
W:704,15: Unused argument 'key' (unused-argument)
W:704,37: Unused argument 'vb' (unused-argument)
W:706,37: Unused variable 'm' (unused-variable)
W:706,39: Unused variable 'M' (unused-variable)
W:706,21: Unused variable 'gsBest' (unused-variable)
W:706,28: Unused variable 'fidPairs' (unused-variable)
W:712,15: Unused argument 'key' (unused-argument)
W:712,37: Unused argument 'vb' (unused-argument)
W:714,37: Unused variable 'm' (unused-variable)
W:714,39: Unused variable 'M' (unused-variable)
W:714,21: Unused variable 'gsBest' (unused-variable)
W:714,28: Unused variable 'fidPairs' (unused-variable)
W:721,15: Unused argument 'key' (unused-argument)
W:724,37: Unused variable 'm' (unused-variable)
W:724,39: Unused variable 'M' (unused-variable)
W:724,21: Unused variable 'gsBest' (unused-variable)
W:733,15: Unused argument 'key' (unused-argument)
W:736,37: Unused variable 'm' (unused-variable)
W:736,39: Unused variable 'M' (unused-variable)
W:736,21: Unused variable 'gsBest' (unused-variable)
W:748,54: Unused variable 'strs' (unused-variable)
W:746,15: Unused argument 'key' (unused-argument)
W:748,37: Unused variable 'm' (unused-variable)
W:748,39: Unused variable 'M' (unused-variable)
W:748,28: Unused variable 'fidPairs' (unused-variable)
W:758,54: Unused variable 'strs' (unused-variable)
W:756,15: Unused argument 'key' (unused-argument)
W:758,37: Unused variable 'm' (unused-variable)
W:758,39: Unused variable 'M' (unused-variable)
W:758,28: Unused variable 'fidPairs' (unused-variable)
W:769,54: Unused variable 'strs' (unused-variable)
W:767,15: Unused argument 'key' (unused-argument)
W:769,37: Unused variable 'm' (unused-variable)
W:769,39: Unused variable 'M' (unused-variable)
W:769,21: Unused variable 'gsBest' (unused-variable)
W:769,28: Unused variable 'fidPairs' (unused-variable)
W:780,37: Unused argument 'vb' (unused-argument)
W:782,37: Unused variable 'm' (unused-variable)
W:782,39: Unused variable 'M' (unused-variable)
W:808,37: Unused argument 'vb' (unused-argument)
W:810,37: Unused variable 'm' (unused-variable)
W:810,39: Unused variable 'M' (unused-variable)
W:836,37: Unused argument 'vb' (unused-argument)
W:860,37: Unused argument 'vb' (unused-argument)
W:879,37: Unused argument 'vb' (unused-argument)
W:899,37: Unused argument 'vb' (unused-argument)
W:943,15: Unused argument 'key' (unused-argument)
W:987,15: Unused argument 'key' (unused-argument)
W:1026,15: Unused argument 'key' (unused-argument)
W:1026,37: Unused argument 'vb' (unused-argument)
W:1054,15: Unused argument 'key' (unused-argument)
W:1054,37: Unused argument 'vb' (unused-argument)
W:1077,15: Unused argument 'key' (unused-argument)
W:1077,37: Unused argument 'vb' (unused-argument)
W:1117,15: Unused argument 'key' (unused-argument)
W:1117,37: Unused argument 'vb' (unused-argument)
W:1453,27: Unused argument 'directive' (unused-argument)
W:1855, 8: No exception type(s) specified (bare-except)
W:1359,33: Unused argument 'M' (unused-argument)
W:1493, 8: Unused variable 'v' (unused-variable)
W:1747,31: Unused variable 'allGateStrings' (unused-variable)
W:1359,28: Unused argument 'm' (unused-argument)
W:1492, 8: Unused variable 'best_gs' (unused-variable)
W:1936,27: Unused argument 'directive' (unused-argument)
W:2135, 8: No exception type(s) specified (bare-except)
W:1865,38: Unused argument 'm' (unused-argument)
W:1865,43: Unused argument 'M' (unused-argument)
W:2101, 8: Unused variable 'appendicesTexFilename' (unused-variable)
W:1928, 8: Unused variable 'v' (unused-variable)
W:1973,12: Unused variable 'st' (unused-variable)
W:1971,12: Unused variable 'baseStr_dict' (unused-variable)
W:1979, 8: Unused variable 'best_gs' (unused-variable)
W:2225,23: Unused argument 'directive' (unused-argument)
W:2558, 8: No exception type(s) specified (bare-except)
W:2147,35: Unused argument 'M' (unused-argument)
W:2222, 8: Unused variable 'v' (unused-variable)
W:2466,12: Unused variable 'hammerWeight' (unused-variable)
W:2465,12: Unused variable 'allGateStrings' (unused-variable)
W:2147,30: Unused argument 'm' (unused-argument)
W:2258, 8: Unused variable 'best_gs' (unused-variable)
W:2370,12: Unused variable 'baseStr_dict' (unused-variable)
W:2660,24: Unused argument 'directive' (unused-argument)
W:2776,28: Unused argument 'W' (unused-argument)
W:2776,35: Unused argument 'H' (unused-argument)
W:3019,68: Unused argument 'ptSize' (unused-argument)
W:3067,61: Unused argument 'ptSize' (unused-argument)
W:3070,26: Unused argument 'shapes' (unused-argument)
W:2572,33: Unused argument 'M' (unused-argument)
W:2657, 8: Unused variable 'v' (unused-variable)
W:2876,12: Unused variable 'hammerWeight' (unused-variable)
W:2834,20: Unused variable 'W' (unused-variable)
W:2922, 8: Unused variable 'templateFilename' (unused-variable)
W:2875,31: Unused variable 'allGateStrings' (unused-variable)
W:2572,28: Unused argument 'm' (unused-argument)
W:2700, 8: Unused variable 'best_gs' (unused-variable)
W:2933, 8: Unused variable 'SLD_LAYOUT_TITLE_AND_CONTENT' (unused-variable)
W:2789,12: Unused variable 'baseStr_dict' (unused-variable)
W:3067, 8: Unused variable 'add_text' (unused-variable)
W:2835,20: Unused variable 'H' (unused-variable)
W:2796,27: Unused variable 'plotFnLatex' (unused-variable)
W:3255,27: Unused argument 'directive' (unused-argument)
W:3757, 8: No exception type(s) specified (bare-except)
W:3295, 8: Unused variable 'v' (unused-variable)
W:3704, 8: Unused variable 'appendicesTexFilename' (unused-variable)
W:3300,12: Unused variable 'whackamoleAppendix' (unused-variable)
W:3299,12: Unused variable 'pixelPlotAppendix' (unused-variable)
W:3294, 8: Unused variable 'best_gs' (unused-variable)
W:3472,12: Unused variable 'st' (unused-variable)
W:3298,12: Unused variable 'debugAidsAppendix' (unused-variable)
W:3476,27: Unused variable 'plotFnLatex' (unused-variable)
W:  9, 0: Unused sys imported as _sys (unused-import)
W: 21, 0: Unused basistools imported from tools as _bt (unused-import)
************* Module pygsti.report.generation
W:646, 0: Anomalous backslash in string: '\h'. String constant might be missing an r prefix. (anomalous-backslash-in-string)
W:648, 0: Anomalous backslash in string: '\c'. String constant might be missing an r prefix. (anomalous-backslash-in-string)
W:649, 0: Anomalous backslash in string: '\h'. String constant might be missing an r prefix. (anomalous-backslash-in-string)
W:998, 0: Anomalous backslash in string: '\s'. String constant might be missing an r prefix. (anomalous-backslash-in-string)
W:1053, 0: Anomalous backslash in string: '\D'. String constant might be missing an r prefix. (anomalous-backslash-in-string)
W:1053, 0: Anomalous backslash in string: '\D'. String constant might be missing an r prefix. (anomalous-backslash-in-string)
W:1054, 0: Anomalous backslash in string: '\s'. String constant might be missing an r prefix. (anomalous-backslash-in-string)
W:1157, 0: Anomalous backslash in string: '\h'. String constant might be missing an r prefix. (anomalous-backslash-in-string)
W:1158, 0: Anomalous backslash in string: '\m'. String constant might be missing an r prefix. (anomalous-backslash-in-string)
W:1158, 0: Anomalous backslash in string: '\h'. String constant might be missing an r prefix. (anomalous-backslash-in-string)
W:1159, 0: Anomalous backslash in string: '\h'. String constant might be missing an r prefix. (anomalous-backslash-in-string)
W:  7, 0: String statement has no effect (pointless-string-statement)
W:152,15: Unused variable 'effectLabel' (unused-variable)
W:263,16: Unused variable 'intervalMx' (unused-variable)
W:316,15: Unused variable 'choiEB' (unused-variable)
W:427,40: Unused argument 'confidenceRegionInfo' (unused-argument)
W:543,12: Unused variable 'fUB_EB' (unused-variable)
W:657, 4: Unused variable 'rotnAngles' (unused-variable)
W:666,26: Unused variable 'decompEB_other' (unused-variable)
W:887, 4: Unused variable 'mxBasisDim' (unused-variable)
W:886, 4: Unused variable 'mxBasis' (unused-variable)
W:969,48: Used builtin function 'map'. Using a list comprehension can be clearer. (bad-builtin)
W:951, 4: Unused variable 'rank' (unused-variable)
W:1294, 4: Unused variable 'nCols' (unused-variable)
W:1254,44: Unused argument 'confidenceRegionInfo' (unused-argument)
W:1488,49: Unused argument 'comm' (unused-argument)
W:  9, 0: Unused os imported as _os (unused-import)
W: 10, 0: Unused re imported as _re (unused-import)
W: 11, 0: Unused collections imported as _collections (unused-import)
W: 14, 0: Unused scipy.linalg imported as _spl (unused-import)
W: 15, 0: Unused scipy.optimize imported as _spo (unused-import)
W: 17, 0: Unused sys imported as _sys (unused-import)
W: 18, 0: Unused matplotlib imported as _matplotlib (unused-import)
************* Module pygsti.report
W:  7, 0: String statement has no effect (pointless-string-statement)
W: 11, 0: Wildcard import generation (wildcard-import)
W: 12, 0: Wildcard import plotting (wildcard-import)
W: 13, 0: Wildcard import reportables (wildcard-import)
************* Module pygsti.report.latex
W: 76, 0: Anomalous backslash in string: '\e'. String constant might be missing an r prefix. (anomalous-backslash-in-string)
W:101, 0: Anomalous backslash in string: '\e'. String constant might be missing an r prefix. (anomalous-backslash-in-string)
W:104, 0: Anomalous backslash in string: '\e'. String constant might be missing an r prefix. (anomalous-backslash-in-string)
W:129, 0: Anomalous backslash in string: '\s'. String constant might be missing an r prefix. (anomalous-backslash-in-string)
W:136, 0: Anomalous backslash in string: '\e'. String constant might be missing an r prefix. (anomalous-backslash-in-string)
W:139, 0: Anomalous backslash in string: '\e'. String constant might be missing an r prefix. (anomalous-backslash-in-string)
W:238, 0: Anomalous backslash in string: '\_'. String constant might be missing an r prefix. (anomalous-backslash-in-string)
W: 10,-1: String statement has no effect (pointless-string-statement)
W:213, 4: No exception type(s) specified (bare-except)
************* Module pygsti.report.resultcache
W:  8, 0: Unused numpy imported as _np (unused-import)
W: 10, 0: Unused sys imported as _sys (unused-import)
************* Module pygsti.report.plotting
W:  7, 0: String statement has no effect (pointless-string-statement)
W:279,33: Unused argument 'dataset' (unused-argument)
W:695, 8: No exception type(s) specified (bare-except)
W:938,47: Unused argument 'used_yvals' (unused-argument)
W:938,35: Unused argument 'used_xvals' (unused-argument)
W:985,36: Unused argument 'xyGateStringDict' (unused-argument)
W:1274, 4: Unreachable code (unreachable)
W:1553,14: Unused argument 'gateStr' (unused-argument)
W:1642,23: Unused variable 'n_boxes' (unused-variable)
W:1642,31: Unused variable 'dof' (unused-variable)
W:1895, 4: Unused variable 'errvec' (unused-variable)
W:2028, 4: Unused variable 'maxLogL' (unused-variable)
W:2137, 4: Unused variable 'errvec' (unused-variable)
W:2634, 8: No exception type(s) specified (bare-except)
W:2752,13: Unused variable 'ubGateMx' (unused-variable)
W:2756,23: Unused variable 'n_boxes' (unused-variable)
W:2756,31: Unused variable 'dof' (unused-variable)
W:2651,64: Unused argument 'dataset' (unused-argument)
W:2771,73: Unused argument 'minProbClipForWeighting' (unused-argument)
W:3266, 8: Unused variable 'cbar' (unused-variable)
W:3639,30: Used builtin function 'map'. Using a list comprehension can be clearer. (bad-builtin)
W:3620, 8: Unused variable 'rects' (unused-variable)
W: 14, 0: Unused AutoMinorLocator imported from matplotlib.ticker as _AutoMinorLocator (unused-import)
W: 15, 0: Unused FixedLocator imported from matplotlib.ticker as _FixedLocator (unused-import)
************* Module pygsti.report.figure
W: 60, 8: Unused variable 'axes' (unused-variable)
************* Module pygsti.report.ppt
W: 10,-1: String statement has no effect (pointless-string-statement)
W: 78,18: Unused argument 'brackets' (unused-argument)
W:104,33: Unused argument 'brackets' (unused-argument)
W:205, 4: No exception type(s) specified (bare-except)
************* Module pygsti.optimize.customcg
W:100, 0: Unnecessary semicolon (unnecessary-semicolon)
W:  7, 0: String statement has no effect (pointless-string-statement)
W: 13, 0: No exception type(s) specified (bare-except)
W:142, 7: Unused variable 'g4' (unused-variable)
W:142, 4: Unused variable 's4' (unused-variable)
W:187,41: Unused argument 'g3' (unused-argument)
W:187,29: Unused argument 'g1' (unused-argument)
************* Module pygsti.optimize.optimize
W:496, 0: TODO: stopping condition (fixme)
W:  7, 0: String statement has no effect (pointless-string-statement)
W: 17, 0: No exception type(s) specified (bare-except)
W:108,13: Unused variable 'fmin' (unused-variable)
W:384, 8: Attribute 'fitness' defined outside __init__ (attribute-defined-outside-init)
W:383, 8: Attribute 'best' defined outside __init__ (attribute-defined-outside-init)
W:385, 8: Attribute 'v' defined outside __init__ (attribute-defined-outside-init)
W:382, 8: Attribute 'params' defined outside __init__ (attribute-defined-outside-init)
W:390, 4: Unused variable 'bDoLocalFitnessOpt' (unused-variable)
W:450, 8: Unused variable 'lastBest' (unused-variable)
W:451,43: Unused variable 'maxV' (unused-variable)
W:451, 8: Unused variable 'minDistToBest' (unused-variable)
W:451,30: Unused variable 'minV' (unused-variable)
W:337,31: Unused argument 'err_crit' (unused-argument)
W:575,21: Used builtin function 'map'. Using a list comprehension can be clearer. (bad-builtin)
W:599,25: Used builtin function 'map'. Using a list comprehension can be clearer. (bad-builtin)
************* Module pygsti.optimize
W:  7, 0: String statement has no effect (pointless-string-statement)
W: 11, 0: Wildcard import optimize (wildcard-import)
************* Module pygsti.drivers.bootstrap
W:333, 0: TODO: need to add docstrings and perhaps relocate the utility functions below # (fixme)
W:  7, 0: String statement has no effect (pointless-string-statement)
W:311, 4: Unused variable 'gateTimesSPAMMean' (unused-variable)
W:340,32: Unused argument 'axis' (unused-argument)
************* Module pygsti.drivers
W:  7, 0: String statement has no effect (pointless-string-statement)
W: 11, 0: Wildcard import longsequence (wildcard-import)
W: 12, 0: Wildcard import bootstrap (wildcard-import)
************* Module pygsti.drivers.longsequence
W:197, 0: TODO: instead contract to vSPAM? (this could do more than just alter the 1st element...) (fixme)
W:218, 0: TODO: set identity vector, or leave as is, which assumes LGST had the right one and contraction doesn't change it ?? (fixme)
W:  7, 0: String statement has no effect (pointless-string-statement)
W: 23, 0: Dangerous default value {} as argument (dangerous-default-value)
W:300,14: Access to a protected member _getTruncFunction of a client class (protected-access)
W:199,20: Unused variable 'gaugeMx' (unused-variable)
W:141, 4: Unused variable 'cwd' (unused-variable)
W: 20, 0: Unused objects imported as _objs (unused-import)
W: 21, 0: Unused tools imported as _tools (unused-import)
************* Module pygsti.io.loaders
W:  7, 0: String statement has no effect (pointless-string-statement)
W: 58, 4: No exception type(s) specified (bare-except)
W: 69,16: No exception type(s) specified (bare-except)
W: 61,12: Unused variable 'bReadCache' (unused-variable)
W:111, 4: No exception type(s) specified (bare-except)
W:121,16: No exception type(s) specified (bare-except)
W:113,12: Unused variable 'bReadCache' (unused-variable)
************* Module pygsti.io
W:  7, 0: String statement has no effect (pointless-string-statement)
W: 11, 0: Wildcard import loaders (wildcard-import)
W: 12, 0: Wildcard import writers (wildcard-import)
W: 13, 0: Wildcard import stdinput (wildcard-import)
************* Module pygsti.io.stdinput
W:403, 0: TODO - add standard count completion for 2Qubit case? (fixme)
W:426, 0: TODO - add standard count completion for 2Qubit case? (fixme)
W:560, 0: TODO - add standard count completion for 2Qubit case? (fixme)
W:583, 0: TODO - add standard count completion for 2Qubit case? (fixme)
W:  7, 0: String statement has no effect (pointless-string-statement)
W: 51,24: Unused argument 'strg' (unused-argument)
W: 51,30: Unused argument 'loc' (unused-argument)
W: 53,23: Unused argument 'strg' (unused-argument)
W: 53,29: Unused argument 'loc' (unused-argument)
W: 53,34: Unused argument 'toks' (unused-argument)
W: 55,24: Unused argument 'strg' (unused-argument)
W: 55,30: Unused argument 'loc' (unused-argument)
W: 55,35: Unused argument 'toks' (unused-argument)
W: 96, 8: Expression "(string) << ((expdstr) + (_pp.ZeroOrMore((_pp.Optional('*')) + (expdstr).setParseAction(push_mult))))" is assigned to nothing (expression-not-assigned)
W: 76, 8: Unused variable 'rbrk' (unused-variable)
W: 75, 8: Unused variable 'lbrk' (unused-variable)
W: 69, 8: Unused variable 'real' (unused-variable)
W: 62, 8: Unused variable 'lowers' (unused-variable)
W:143, 4: Dangerous default value {} as argument (dangerous-default-value)
W:164,12: Unused variable 'result' (unused-variable)
W:171, 4: Dangerous default value {} as argument (dangerous-default-value)
W:206,12: No exception type(s) specified (bare-except)
W:357,12: No exception type(s) specified (bare-except)
W:358,37: Unused argument 'i' (unused-argument)
W:358,39: Unused argument 'N' (unused-argument)
W:360,33: Unused argument 'i' (unused-argument)
W:360,35: Unused argument 'N' (unused-argument)
W:497,12: No exception type(s) specified (bare-except)
W:498,37: Unused argument 'i' (unused-argument)
W:498,39: Unused argument 'N' (unused-argument)
W:500,33: Unused argument 'i' (unused-argument)
W:500,35: Unused argument 'N' (unused-argument)
W:509,37: Unused variable 'gateStringStr' (unused-variable)
W:162, 8: Attribute 'exprStack' defined outside __init__ (attribute-defined-outside-init)
W:199, 8: Attribute 'exprStack' defined outside __init__ (attribute-defined-outside-init)
W:242, 8: Attribute 'exprStack' defined outside __init__ (attribute-defined-outside-init)
W:200, 8: Attribute 'countList' defined outside __init__ (attribute-defined-outside-init)
W:161, 8: Attribute 'lookup' defined outside __init__ (attribute-defined-outside-init)
W:198, 8: Attribute 'lookup' defined outside __init__ (attribute-defined-outside-init)
W:590, 4: Use of exec (exec-used)
W:691,42: Used builtin function 'map'. Using a list comprehension can be clearer. (bad-builtin)
W: 16, 0: Unused string imported as _string (unused-import)
************* Module pygsti.io.writers
W: 62, 0: TODO: cleaner way to extract number of columns from headerString? (fixme)
W:142, 0: TODO: make access function for gatestrings? (fixme)
W:  7, 0: String statement has no effect (pointless-string-statement)
W:109, 4: Unused variable 'parser' (unused-variable)
W:156, 4: Unused variable 'parser' (unused-variable)
W:248,34: Used builtin function 'map'. Using a list comprehension can be clearer. (bad-builtin)
************* Module pygsti.algorithms.fiducialpairreduction
W:  7, 0: String statement has no effect (pointless-string-statement)
W: 30, 4: String statement has no effect (pointless-string-statement)
W: 80, 8: No exception type(s) specified (bare-except)
W:154,28: Cell variable randIndices defined in loop (cell-var-from-loop)
W:157,38: Cell variable randIndices defined in loop (cell-var-from-loop)
W:176,83: Used builtin function 'map'. Using a list comprehension can be clearer. (bad-builtin)
W:111, 4: Unused variable 'fiducialPairs' (unused-variable)
W: 12, 0: Unused sys imported as _sys (unused-import)
************* Module pygsti.algorithms
W:  7, 0: String statement has no effect (pointless-string-statement)
W: 12, 0: Wildcard import core (wildcard-import)
W: 13, 0: Wildcard import grammatrix (wildcard-import)
W: 14, 0: Wildcard import germselection (wildcard-import)
W: 15, 0: Wildcard import fiducialpairreduction (wildcard-import)
W: 16, 0: Wildcard import fiducialselection (wildcard-import)
************* Module pygsti.algorithms.grammatrix
W:  7, 0: String statement has no effect (pointless-string-statement)
W:  9, 0: Unused tools imported as _tools (unused-import)
************* Module pygsti.algorithms.fiducialselection
W:512, 0: Bad indentation. Found 6 spaces, expected 8 (bad-indentation)
W:513, 0: Bad indentation. Found 10 spaces, expected 12 (bad-indentation)
W:515, 0: Bad indentation. Found 10 spaces, expected 12 (bad-indentation)
W:517, 0: Bad indentation. Found 10 spaces, expected 12 (bad-indentation)
W:518, 0: Bad indentation. Found 10 spaces, expected 12 (bad-indentation)
W:519, 0: Bad indentation. Found 14 spaces, expected 16 (bad-indentation)
W:520, 0: Bad indentation. Found 18 spaces, expected 20 (bad-indentation)
W:521, 0: Bad indentation. Found 18 spaces, expected 20 (bad-indentation)
W:522, 0: Bad indentation. Found 14 spaces, expected 16 (bad-indentation)
W:523, 0: Bad indentation. Found 18 spaces, expected 20 (bad-indentation)
W:524, 0: Bad indentation. Found 18 spaces, expected 20 (bad-indentation)
W:527, 0: Bad indentation. Found 14 spaces, expected 16 (bad-indentation)
W:528, 0: Bad indentation. Found 18 spaces, expected 20 (bad-indentation)
W:529, 0: Bad indentation. Found 18 spaces, expected 20 (bad-indentation)
W:530, 0: Bad indentation. Found 18 spaces, expected 20 (bad-indentation)
W:533, 0: Bad indentation. Found 10 spaces, expected 12 (bad-indentation)
W:534, 0: Bad indentation. Found 14 spaces, expected 16 (bad-indentation)
W:536, 0: Bad indentation. Found 14 spaces, expected 16 (bad-indentation)
W:537, 0: Bad indentation. Found 18 spaces, expected 20 (bad-indentation)
W:538, 0: Bad indentation. Found 14 spaces, expected 16 (bad-indentation)
W:539, 0: Bad indentation. Found 18 spaces, expected 20 (bad-indentation)
W:540, 0: Bad indentation. Found 14 spaces, expected 16 (bad-indentation)
W:542, 0: Bad indentation. Found 14 spaces, expected 16 (bad-indentation)
W:543, 0: Bad indentation. Found 14 spaces, expected 16 (bad-indentation)
W:545, 0: Bad indentation. Found 14 spaces, expected 16 (bad-indentation)
W:546, 0: Bad indentation. Found 18 spaces, expected 20 (bad-indentation)
W:547, 0: Bad indentation. Found 22 spaces, expected 24 (bad-indentation)
W:548, 0: Bad indentation. Found 22 spaces, expected 24 (bad-indentation)
W:549, 0: Bad indentation. Found 22 spaces, expected 24 (bad-indentation)
W:551, 0: Bad indentation. Found 14 spaces, expected 16 (bad-indentation)
W:552, 0: Bad indentation. Found 18 spaces, expected 20 (bad-indentation)
W:552, 0: Unnecessary semicolon (unnecessary-semicolon)
W:553, 0: Bad indentation. Found 18 spaces, expected 20 (bad-indentation)
W:555, 0: Bad indentation. Found 10 spaces, expected 12 (bad-indentation)
W:556, 0: Bad indentation. Found 6 spaces, expected 8 (bad-indentation)
W:557, 0: Bad indentation. Found 10 spaces, expected 12 (bad-indentation)
W:  7, 0: String statement has no effect (pointless-string-statement)
W: 71, 4: Unused variable 'numRho' (unused-variable)
W:105, 4: Unused variable 'numE' (unused-variable)
W:179,33: Used builtin function 'map'. Using a list comprehension can be clearer. (bad-builtin)
W:175, 4: Unused variable 'nFids' (unused-variable)
W:179, 4: Unused variable 'fidLengths' (unused-variable)
W:394,33: Used builtin function 'map'. Using a list comprehension can be clearer. (bad-builtin)
W:518,14: Unused variable 'neighborNum' (unused-variable)
W:568, 4: Unused variable 'final_test' (unused-variable)
W:394, 4: Unused variable 'fidLengths' (unused-variable)
W: 10, 0: Unused itertools imported as _itertools (unused-import)
W: 11, 0: Unused math imported as _math (unused-import)
************* Module pygsti.algorithms.core
W:140, 0: TODO: allow user to specify remainderLabel as argument? (fixme)
W:1214, 0: TODO: Upgrade from 'plus' restricted case (fixme)
W:2583, 0: TODO: remove?  but note this is different from the separate cases summed b/c of normalization (fixme)
W:3184, 0: TODO: make this function more robust (fixme)
W:1238, 0: Unnecessary semicolon (unnecessary-semicolon)
W:1635, 0: Unnecessary semicolon (unnecessary-semicolon)
W:2363, 0: Bad indentation. Found 9 spaces, expected 8 (bad-indentation)
W:2364, 0: Bad indentation. Found 13 spaces, expected 12 (bad-indentation)
W:2365, 0: Bad indentation. Found 13 spaces, expected 12 (bad-indentation)
W:2366, 0: Bad indentation. Found 13 spaces, expected 12 (bad-indentation)
W:2368, 0: Bad indentation. Found 13 spaces, expected 12 (bad-indentation)
W:2371, 0: Bad indentation. Found 13 spaces, expected 12 (bad-indentation)
W:2378, 0: Bad indentation. Found 13 spaces, expected 12 (bad-indentation)
W:2379, 0: Bad indentation. Found 17 spaces, expected 16 (bad-indentation)
W:2379, 0: Unnecessary semicolon (unnecessary-semicolon)
W:2380, 0: Bad indentation. Found 17 spaces, expected 16 (bad-indentation)
W:2381, 0: Bad indentation. Found 17 spaces, expected 16 (bad-indentation)
W:2383, 0: Bad indentation. Found 13 spaces, expected 12 (bad-indentation)
W:2384, 0: Bad indentation. Found 13 spaces, expected 12 (bad-indentation)
W:2387, 0: Bad indentation. Found 13 spaces, expected 12 (bad-indentation)
W:2388, 0: Bad indentation. Found 17 spaces, expected 16 (bad-indentation)
W:2388, 0: Unnecessary semicolon (unnecessary-semicolon)
W:2389, 0: Bad indentation. Found 17 spaces, expected 16 (bad-indentation)
W:2390, 0: Bad indentation. Found 17 spaces, expected 16 (bad-indentation)
W:2391, 0: Bad indentation. Found 17 spaces, expected 16 (bad-indentation)
W:2399, 0: Bad indentation. Found 13 spaces, expected 12 (bad-indentation)
W:2400, 0: Bad indentation. Found 17 spaces, expected 16 (bad-indentation)
W:2401, 0: Bad indentation. Found 17 spaces, expected 16 (bad-indentation)
W:2406, 0: Bad indentation. Found 17 spaces, expected 16 (bad-indentation)
W:2409, 0: Bad indentation. Found 17 spaces, expected 16 (bad-indentation)
W:2410, 0: Bad indentation. Found 19 spaces, expected 20 (bad-indentation)
W:2411, 0: Bad indentation. Found 19 spaces, expected 20 (bad-indentation)
W:2412, 0: Bad indentation. Found 17 spaces, expected 16 (bad-indentation)
W:2413, 0: Bad indentation. Found 19 spaces, expected 20 (bad-indentation)
W:2415, 0: Bad indentation. Found 17 spaces, expected 16 (bad-indentation)
W:2416, 0: Bad indentation. Found 19 spaces, expected 20 (bad-indentation)
W:2416, 0: Unnecessary semicolon (unnecessary-semicolon)
W:2417, 0: Bad indentation. Found 19 spaces, expected 20 (bad-indentation)
W:2418, 0: Bad indentation. Found 19 spaces, expected 20 (bad-indentation)
W:2420, 0: Bad indentation. Found 13 spaces, expected 12 (bad-indentation)
W:  7, 0: String statement has no effect (pointless-string-statement)
W: 31, 0: Dangerous default value {} as argument (dangerous-default-value)
W:138,25: Access to a protected member _remainderlabel of a client class (protected-access)
W:270,24: Unused variable 'guess_V' (unused-variable)
W:270, 8: Unused variable 'guess_U' (unused-variable)
W:264, 8: Unused variable 'AMat_p' (unused-variable)
W:411, 4: Unused variable 'U' (unused-variable)
W:411, 8: Unused variable 'V' (unused-variable)
W:569,88: Used builtin function 'map'. Using a list comprehension can be clearer. (bad-builtin)
W:596,88: Used builtin function 'map'. Using a list comprehension can be clearer. (bad-builtin)
W:548,11: Unused variable 'gateStr' (unused-variable)
W:661,20: Unused variable 'info' (unused-variable)
W:661,31: Unused variable 'flag' (unused-variable)
W:661,26: Unused variable 'msg' (unused-variable)
W:661,11: Unused variable 'opt_jac' (unused-variable)
W:816,54: Using possibly undefined loop variable 'i' (undefined-loop-variable)
W:817,30: Using possibly undefined loop variable 'i' (undefined-loop-variable)
W:817,130: Using possibly undefined loop variable 'stringsToEstimate' (undefined-loop-variable)
W:821,33: Using possibly undefined loop variable 'stringsToEstimate' (undefined-loop-variable)
W:1064,24: Unused argument 'p' (unused-argument)
W:1066,25: Unused argument 'p' (unused-argument)
W:1066,27: Unused argument 'wts' (unused-argument)
W:1101,92: Used builtin function 'map'. Using a list comprehension can be clearer. (bad-builtin)
W:1119,92: Used builtin function 'map'. Using a list comprehension can be clearer. (bad-builtin)
W:1252, 8: No exception type(s) specified (bare-except)
W:1233,31: Unused variable 'flag' (unused-variable)
W:1233,26: Unused variable 'msg' (unused-variable)
W:1233,11: Unused variable 'opt_jac' (unused-variable)
W:1233,20: Unused variable 'info' (unused-variable)
W:1775,12: Unused variable 'extraMessages' (unused-variable)
W:2183,12: No exception type(s) specified (bare-except)
W:2161,11: Unused variable 'opt_jac' (unused-variable)
W:2161,20: Unused variable 'info' (unused-variable)
W:2371,13: Unused variable 'chi2Diff' (unused-variable)
W:2619,12: Unused variable 'minf' (unused-variable)
W:2905,12: Unused variable 'distance' (unused-variable)
W:3036,19: Redefining built-in 'eval' (redefined-builtin)
W:3282, 4: Unused variable 'print_obj_func' (unused-variable)
W:3254, 4: Unused variable 'I' (unused-variable)
W:  9, 0: Unused sys imported as _sys (unused-import)
************* Module pygsti.algorithms.germselection
W:404, 0: Bad indentation. Found 6 spaces, expected 8 (bad-indentation)
W:405, 0: Bad indentation. Found 10 spaces, expected 12 (bad-indentation)
W:407, 0: Bad indentation. Found 10 spaces, expected 12 (bad-indentation)
W:409, 0: Bad indentation. Found 10 spaces, expected 12 (bad-indentation)
W:410, 0: Bad indentation. Found 10 spaces, expected 12 (bad-indentation)
W:411, 0: Bad indentation. Found 14 spaces, expected 16 (bad-indentation)
W:412, 0: Bad indentation. Found 18 spaces, expected 20 (bad-indentation)
W:413, 0: Bad indentation. Found 18 spaces, expected 20 (bad-indentation)
W:414, 0: Bad indentation. Found 14 spaces, expected 16 (bad-indentation)
W:415, 0: Bad indentation. Found 18 spaces, expected 20 (bad-indentation)
W:416, 0: Bad indentation. Found 18 spaces, expected 20 (bad-indentation)
W:419, 0: Bad indentation. Found 14 spaces, expected 16 (bad-indentation)
W:420, 0: Bad indentation. Found 18 spaces, expected 20 (bad-indentation)
W:421, 0: Bad indentation. Found 18 spaces, expected 20 (bad-indentation)
W:422, 0: Bad indentation. Found 18 spaces, expected 20 (bad-indentation)
W:425, 0: Bad indentation. Found 10 spaces, expected 12 (bad-indentation)
W:426, 0: Bad indentation. Found 14 spaces, expected 16 (bad-indentation)
W:428, 0: Bad indentation. Found 14 spaces, expected 16 (bad-indentation)
W:429, 0: Bad indentation. Found 18 spaces, expected 20 (bad-indentation)
W:430, 0: Bad indentation. Found 14 spaces, expected 16 (bad-indentation)
W:431, 0: Bad indentation. Found 18 spaces, expected 20 (bad-indentation)
W:432, 0: Bad indentation. Found 14 spaces, expected 16 (bad-indentation)
W:434, 0: Bad indentation. Found 14 spaces, expected 16 (bad-indentation)
W:435, 0: Bad indentation. Found 14 spaces, expected 16 (bad-indentation)
W:437, 0: Bad indentation. Found 14 spaces, expected 16 (bad-indentation)
W:438, 0: Bad indentation. Found 18 spaces, expected 20 (bad-indentation)
W:439, 0: Bad indentation. Found 22 spaces, expected 24 (bad-indentation)
W:440, 0: Bad indentation. Found 22 spaces, expected 24 (bad-indentation)
W:441, 0: Bad indentation. Found 22 spaces, expected 24 (bad-indentation)
W:443, 0: Bad indentation. Found 14 spaces, expected 16 (bad-indentation)
W:444, 0: Bad indentation. Found 18 spaces, expected 20 (bad-indentation)
W:444, 0: Unnecessary semicolon (unnecessary-semicolon)
W:445, 0: Bad indentation. Found 18 spaces, expected 20 (bad-indentation)
W:447, 0: Bad indentation. Found 10 spaces, expected 12 (bad-indentation)
W:448, 0: Bad indentation. Found 6 spaces, expected 8 (bad-indentation)
W:449, 0: Bad indentation. Found 10 spaces, expected 12 (bad-indentation)
W:  7, 0: String statement has no effect (pointless-string-statement)
W:265,34: Used builtin function 'map'. Using a list comprehension can be clearer. (bad-builtin)
W:376,34: Used builtin function 'map'. Using a list comprehension can be clearer. (bad-builtin)
W:410,14: Unused variable 'neighborNum' (unused-variable)
W: 11, 0: Unused itertools imported as _itertools (unused-import)
W: 12, 0: Unused math imported as _math (unused-import)
W: 13, 0: Unused sys imported as _sys (unused-import)
************* Module pygsti.construction.qutrit
W:  7, 0: String statement has no effect (pointless-string-statement)
W: 10, 0: Unused pi imported from numpy (unused-import)
************* Module pygsti.construction.spamspecconstruction
W:  7, 0: String statement has no effect (pointless-string-statement)
************* Module pygsti.construction.gatestringconstruction
W:  7, 0: String statement has no effect (pointless-string-statement)
W: 19, 4: Use of exec (exec-used)
W:272, 4: Unused variable 'ret' (unused-variable)
W:374, 8: Unused variable 'i' (unused-variable)
************* Module pygsti.construction.std1Q_XYI
W:  9,-1: String statement has no effect (pointless-string-statement)
************* Module pygsti.construction.rpeconstruction
W:  7, 0: String statement has no effect (pointless-string-statement)
W:342,30: Unused argument 'savePlot' (unused-argument)
************* Module pygsti.construction.gatesetconstruction
W:298, 0: TODO - better way to describe leakage? (fixme)
W:810, 0: TODO - better way to describe leakage? (fixme)
W:933, 0: TODO: tp/static parameterization (fixme)
W:  7, 0: String statement has no effect (pointless-string-statement)
W: 62,30: Access to a protected member _processBlockDims of a client class (protected-access)
W: 62, 4: Unused variable 'dmDim' (unused-variable)
W: 22,33: Unused argument 'stateSpaceLabels' (unused-argument)
W:111,32: Access to a protected member _processBlockDims of a client class (protected-access)
W:111, 4: Unused variable 'dmDim' (unused-variable)
W:164,32: Access to a protected member _processBlockDims of a client class (protected-access)
W:206,20: Use of eval (eval-used)
W:249,20: Use of eval (eval-used)
W:300,20: Use of eval (eval-used)
W:164,20: Unused variable 'blockDims' (unused-variable)
W:164,11: Unused variable 'gateDim' (unused-variable)
W:448,32: Access to a protected member _processBlockDims of a client class (protected-access)
W:621,20: Unused variable 'i' (unused-variable)
W:756,20: Use of eval (eval-used)
W:774,20: Use of eval (eval-used)
W:775,22: Use of eval (eval-used)
W:776,22: Use of eval (eval-used)
W:777,22: Use of eval (eval-used)
W:792,20: Use of eval (eval-used)
W:812,20: Use of eval (eval-used)
W:449, 4: Unused variable 'fullOpDim' (unused-variable)
************* Module pygsti.construction.std1Q_XY
W:  9,-1: String statement has no effect (pointless-string-statement)
************* Module pygsti.construction.std1Q_XZ
W:  9,-1: String statement has no effect (pointless-string-statement)
************* Module pygsti.construction
W:  7, 0: String statement has no effect (pointless-string-statement)
W: 11, 0: Wildcard import gatesetconstruction (wildcard-import)
W: 12, 0: Wildcard import gatestringconstruction (wildcard-import)
W: 13, 0: Wildcard import spamspecconstruction (wildcard-import)
W: 14, 0: Wildcard import datasetconstruction (wildcard-import)
W: 15, 0: Wildcard import stdlists (wildcard-import)
W: 16, 0: Wildcard import rpeconstruction (wildcard-import)
************* Module pygsti.construction.stdlists
W:  7, 0: String statement has no effect (pointless-string-statement)
W: 10, 0: Unused spamspec imported from objects as _ss (unused-import)
************* Module pygsti.construction.datasetconstruction
W:  7, 0: String statement has no effect (pointless-string-statement)
W: 88,12: No exception type(s) specified (bare-except)
W:108,12: Unused variable 'nOutcomes' (unused-variable)
************* Module pygsti.construction.std2Q_XYCNOT
W: 10,-1: String statement has no effect (pointless-string-statement)
************* Module pygsti.construction.std1Q_pi4_pi2_XZ
W:  9,-1: String statement has no effect (pointless-string-statement)
************* Module pygsti.construction.std1Q_ZN
W:  9,-1: String statement has no effect (pointless-string-statement)
************* Module pygsti.tools.rpetools
W:  7, 0: String statement has no effect (pointless-string-statement)
W:191,55: Cell variable Phi defined in loop (cell-var-from-loop)
W:191,59: Cell variable epsilon defined in loop (cell-var-from-loop)
W:318, 4: No exception type(s) specified (bare-except)
W:322, 4: No exception type(s) specified (bare-except)
W:326, 4: No exception type(s) specified (bare-except)
************* Module pygsti.tools.rbtools
W:  2, 0: Reimport 'print_function' (imported line 1) (reimported)
************* Module pygsti.tools.basistools
W:424, 0: TODO: should we check if the dimensions being projected out are the identity? (fixme)
W:469, 0: TODO: there's probably a fast & slick way to so this computation (fixme)
W:999, 0: TODO: maybe make these more general than for 1 or 2 qubits?? (fixme)
W:1386, 0: TODO: fix noise op to depolarizing (fixme)
W: 37,-1: String statement has no effect (pointless-string-statement)
W:247, 4: Unused variable 'dmDim' (unused-variable)
W:247,11: Unused variable 'gateDim' (unused-variable)
W:381,15: Unused variable 'gateDim' (unused-variable)
W:628, 4: Unused variable 'dmDim' (unused-variable)
W:832, 4: Unused variable 'dmDim' (unused-variable)
************* Module pygsti.tools.chi2fns
W:164, 0: TODO: try to replace final N[...] multiplication with dot or einsum, or do summing sooner to reduce memory (fixme)
W:  7, 0: String statement has no effect (pointless-string-statement)
W:163, 4: Redefining name 'chi2' from outer scope (line 11) (redefined-outer-name)
W:282,37: Unused argument 'minProbClipForWeighting' (unused-argument)
W:349,28: Unused argument 'minProbClipForWeighting' (unused-argument)
************* Module pygsti.tools
W:  7, 0: String statement has no effect (pointless-string-statement)
W: 11, 0: Wildcard import basistools (wildcard-import)
W: 12, 0: Wildcard import jamiolkowski (wildcard-import)
W: 13, 0: Wildcard import listtools (wildcard-import)
W: 14, 0: Wildcard import matrixtools (wildcard-import)
W: 15, 0: Wildcard import likelihoodfns (wildcard-import)
W: 16, 0: Wildcard import chi2fns (wildcard-import)
W: 17, 0: Wildcard import gatetools (wildcard-import)
W: 18, 0: Wildcard import rbtools (wildcard-import)
************* Module pygsti.tools.gatetools
W:324, 0: TODO -- need to extract ex matrix from target_U = _spl.expm(ex) and decompose ex in terms of pauli? (fixme)
W:  7, 0: String statement has no effect (pointless-string-statement)
W:551,39: Expression "(fixedPtVec) / (_np.linalg.norm(fixedPtVec))" is assigned to nothing (expression-not-assigned)
W:480,21: Unused variable 'aor_eigenvec' (unused-variable)
W:480, 4: Unused variable 'aor_eval' (unused-variable)
W:481,21: Unused variable 'ra1_eigenvec' (unused-variable)
W:481,42: Unused variable 'ra2_eigenvec' (unused-variable)
W:479, 4: Unused variable 'fp_eigenvec' (unused-variable)
W:481, 4: Unused variable 'ra_eval' (unused-variable)
W: 11, 0: Unused scipy.optimize imported as _spo (unused-import)
W: 13, 0: Unused basistools imported from tools as _bt (unused-import)
************* Module pygsti.tools.likelihoodfns
W:659, 0: TODO: call GateSet routine directly (fixme)
W:735, 0: TODO: update like above (fixme)
W:995, 0: TODO: change this function to handle nan's in the inputs without warnings, since (fixme)
W:  7, 0: String statement has no effect (pointless-string-statement)
W:561,67: Used builtin function 'map'. Using a list comprehension can be clearer. (bad-builtin)
W:610,60: Unused argument 'totalCntVec' (unused-argument)
W:714,30: Used builtin function 'map'. Using a list comprehension can be clearer. (bad-builtin)
W:625, 4: Unused variable 'tStart' (unused-variable)
W:678,12: Unused variable 'k' (unused-variable)
W:637, 8: Unused variable 'iTree' (unused-variable)
W:871, 4: Redefining name 'forbidden_prob' from outer scope (line 848) (redefined-outer-name)
W: 17, 0: Unused import sys (unused-import)
************* Module pygsti.tools.matrixtools
W:  7, 0: String statement has no effect (pointless-string-statement)
************* Module pygsti.tools.jamiolkowski
W:  7, 0: String statement has no effect (pointless-string-statement)
W:348, 9: Unused variable 'label' (unused-variable)
W:376, 9: Unused variable 'label' (unused-variable)
************* Module pygsti.tools.listtools
W: 35, 0: TODO: create a special duplicate removal function for use with (fixme)
W:  7, 0: String statement has no effect (pointless-string-statement)
************* Module pygsti.objects.spamspec
W:  7, 0: String statement has no effect (pointless-string-statement)
W: 45, 8: No exception type(s) specified (bare-except)
************* Module pygsti.objects.gateset
W:2143, 0: TODO: how to handle these given possibility of different parameterizations... (fixme)
W:2823, 0: TODO: filter using gateLabel? (fixme)
W:  7, 0: String statement has no effect (pointless-string-statement)
W:370,15: Access to a protected member _make_spamgate of a client class (protected-access)
W:391,28: Access to a protected member _prefix of a client class (protected-access)
W:393,30: Access to a protected member _prefix of a client class (protected-access)
W:396,30: Access to a protected member _prefix of a client class (protected-access)
W:415,28: Access to a protected member _prefix of a client class (protected-access)
W:417,30: Access to a protected member _prefix of a client class (protected-access)
W:420,30: Access to a protected member _prefix of a client class (protected-access)
W:734,34: Access to a protected member _prefix of a client class (protected-access)
W:734,54: Access to a protected member _prefix of a client class (protected-access)
W:735,26: Access to a protected member _prefix of a client class (protected-access)
W:749,25: Access to a protected member _mut of a client class (protected-access)
W:774,12: Unused variable 'u' (unused-variable)
W:1903,30: Unused argument 'check' (unused-argument)
W:1902,52: Unused argument 'clipTo' (unused-argument)
W:2000,42: Access to a protected member _calc of a client class (protected-access)
W:2027,39: Access to a protected member _calc of a client class (protected-access)
W:2053,40: Access to a protected member _calc of a client class (protected-access)
W:2092, 8: Access to a protected member _dim of a client class (protected-access)
W:2093, 8: Access to a protected member _basisNameAndDim of a client class (protected-access)
W:2094, 8: Access to a protected member _remainderlabel of a client class (protected-access)
W:2095, 8: Access to a protected member _identitylabel of a client class (protected-access)
W:2438,38: Access to a protected member _prefix of a client class (protected-access)
W:2438,58: Access to a protected member _prefix of a client class (protected-access)
W:2439,30: Access to a protected member _prefix of a client class (protected-access)
W:2441, 8: Access to a protected member _dim of a client class (protected-access)
W:2497,38: Access to a protected member _prefix of a client class (protected-access)
W:2497,58: Access to a protected member _prefix of a client class (protected-access)
W:2498,30: Access to a protected member _prefix of a client class (protected-access)
W:2500, 8: Access to a protected member _dim of a client class (protected-access)
W:  9, 0: Unused warnings imported as _warnings (unused-import)
W: 12, 0: Unused numpy.random imported as _rndm (unused-import)
************* Module pygsti.objects.dataset
W:  7, 0: String statement has no effect (pointless-string-statement)
W:527,41: Used builtin function 'map'. Using a list comprehension can be clearer. (bad-builtin)
W:557,41: Used builtin function 'map'. Using a list comprehension can be clearer. (bad-builtin)
W:623,16: Unused variable 'i' (unused-variable)
************* Module pygsti.objects.gate
W: 40, 0: TODO: cleanup this code: (fixme)
W:  7, 0: String statement has no effect (pointless-string-statement)
W:267,16: Unused variable 'd2' (unused-variable)
W:375,31: Unused argument 'wrtFilter' (unused-argument)
W:793, 4: Dangerous default value [] as argument (dangerous-default-value)
W:973, 8: Unused variable 'k' (unused-variable)
W:999, 8: Access to a protected member _construct_matrix of a client class (protected-access)
W:1107, 8: Access to a protected member _construct_matrix of a client class (protected-access)
************* Module pygsti.objects.gigateset
W:197, 0: TODO: test length L against what it should be (fixme)
W:554, 0: TODO: maybe we divide by abs(b) before setting E_params?? (fixme)
W:560, 0: TODO: maybe we divide by abs(b) before setting E_params?? (fixme)
W:710, 0: TODO: maybe we divide by abs(b) before setting?? (fixme)
W:737, 0: TODO: maybe we divide by abs(b) before setting?? (fixme)
W:752, 0: TODO: maybe we divide by abs(b) before setting?? (fixme)
W:767, 0: TODO: maybe we divide by abs(b) before setting?? (fixme)
W:775, 0: TODO: maybe we divide by abs(b) before setting?? (fixme)
W:860, 0: TODO: maybe we divide by abs(b) before setting E_params?? (fixme)
W:947, 0: TODO: maybe we divide by abs(b) before setting?? (fixme)
W:964, 0: TODO: maybe we divide by abs(b) before setting?? (fixme)
W:978, 0: TODO: maybe we divide by abs(b) before setting?? (fixme)
W:986, 0: TODO: maybe we divide by abs(b) before setting?? (fixme)
W:1003, 0: TODO: maybe we divide by abs(b) before setting?? (fixme)
W:1012, 0: TODO: maybe we divide by abs(b) before setting?? (fixme)
W:1046, 0: TODO: maybe we divide by abs(b) before setting E_params?? (fixme)
W:1052, 0: TODO: maybe we divide by abs(b) before setting E_params?? (fixme)
W:  7, 0: String statement has no effect (pointless-string-statement)
W: 46, 4: Dangerous default value [] as argument (dangerous-default-value)
W: 46,22: Unused argument 'items' (unused-argument)
W: 78, 8: Unused variable 'gl0' (unused-variable)
W: 58,61: Unused argument 'fix' (unused-argument)
W:186,58: Unused argument 'SP0' (unused-argument)
W:186,48: Unused argument 'SPAM' (unused-argument)
W:186,29: Unused argument 'gates' (unused-argument)
W:186,40: Unused argument 'G0' (unused-argument)
W:199,43: Unused argument 'SPAM' (unused-argument)
W:199,35: Unused argument 'G0' (unused-argument)
W:199,24: Unused argument 'gates' (unused-argument)
W:199,53: Unused argument 'SP0' (unused-argument)
W:206,43: Unused argument 'SPAM' (unused-argument)
W:206,35: Unused argument 'G0' (unused-argument)
W:206,24: Unused argument 'gates' (unused-argument)
W:206,53: Unused argument 'SP0' (unused-argument)
W:212,49: Unused argument 'SPAM' (unused-argument)
W:212,41: Unused argument 'G0' (unused-argument)
W:212,30: Unused argument 'gates' (unused-argument)
W:212,59: Unused argument 'SP0' (unused-argument)
W:414, 8: Unused variable 'a' (unused-variable)
W:481, 8: Unused variable 'a' (unused-variable)
W:548, 8: Unused variable 'a' (unused-variable)
W:573, 8: Unused variable 'a' (unused-variable)
W:598,19: Used builtin function 'map'. Using a list comprehension can be clearer. (bad-builtin)
W:616, 8: Unused variable 'a1' (unused-variable)
W:693,12: Unused variable 'a2' (unused-variable)
W:843,18: Unused argument 'ETilde' (unused-argument)
W:851, 8: Unused variable 'a' (unused-variable)
W:874,19: Used builtin function 'map'. Using a list comprehension can be clearer. (bad-builtin)
W:878, 4: Unused variable 'rowsum' (unused-variable)
W:892, 8: Unused variable 'a1' (unused-variable)
W:894,12: Unused variable 'a2' (unused-variable)
W:1040, 8: Unused variable 'a' (unused-variable)
W:  9, 0: Unused itertools imported as _itertools (unused-import)
W: 10, 0: Unused warnings imported as _warnings (unused-import)
W: 12, 0: Unused numpy.linalg imported as _nla (unused-import)
W: 13, 0: Unused numpy.random imported as _rndm (unused-import)
W: 14, 0: Unused scipy imported as _scipy (unused-import)
W: 15, 0: Unused collections imported as _collections (unused-import)
W: 18, 0: Unused basistools imported from tools as _bt (unused-import)
W: 19, 0: Unused gatetools imported from tools as _gt (unused-import)
W: 20, 0: Unused likelihoodfns imported from tools as _lf (unused-import)
W: 21, 0: Unused jamiolkowski imported from tools as _jt (unused-import)
************* Module pygsti.objects.confidenceregion
W: 40, 0: TODO: add "type" argument to ConfidenceRegion constructor? (fixme)
W:  7, 0: String statement has no effect (pointless-string-statement)
************* Module pygsti.objects
W:  7, 0: String statement has no effect (pointless-string-statement)
W: 15, 0: Wildcard import exceptions (wildcard-import)
************* Module pygsti.objects.gatestring
W: 50, 0: Unnecessary semicolon (unnecessary-semicolon)
W:  7, 0: String statement has no effect (pointless-string-statement)
W: 10, 0: Unused total_ordering imported from functools (unused-import)
************* Module pygsti.objects.gscalc
W:163, 0: Unnecessary semicolon (unnecessary-semicolon)
W:394, 0: Unnecessary semicolon (unnecessary-semicolon)
W:597, 0: Unnecessary semicolon (unnecessary-semicolon)
W:723, 0: Unnecessary semicolon (unnecessary-semicolon)
W:  7, 0: String statement has no effect (pointless-string-statement)
W:317,12: Unreachable code (unreachable)
W:1188,26: Unused variable 'iFinal' (unused-variable)
W:1238,20: Unreachable code (unreachable)
W:1264,31: Unused variable 'derivColOwners' (unused-variable)
W:1217, 8: Unused variable 'nGateStrings' (unused-variable)
W:1317,26: Unused variable 'iFinal' (unused-variable)
W:1235,20: Unused variable 'trees_to_use' (unused-variable)
W:1372,20: Unreachable code (unreachable)
W:1345, 8: Unused variable 'tStart' (unused-variable)
W:1398,31: Unused variable 'derivColOwners' (unused-variable)
W:1424,14: Unused variable 'gateLabel' (unused-variable)
W:1352, 8: Unused variable 'deriv_shape' (unused-variable)
W:1461,26: Unused variable 'iFinal' (unused-variable)
W:1349, 8: Unused variable 'nGateStrings' (unused-variable)
W:1369,20: Unused variable 'trees_to_use' (unused-variable)
W:1827,31: Unused argument 'spamLabel' (unused-argument)
W:2091,22: Unused variable 'rowIndex' (unused-variable)
W:2233,62: Cell variable Gs defined in loop (cell-var-from-loop)
W:2233,66: Cell variable scaleVals defined in loop (cell-var-from-loop)
W:2366,62: Cell variable Gs defined in loop (cell-var-from-loop)
W:2366,66: Cell variable scaleVals defined in loop (cell-var-from-loop)
W:2368,64: Cell variable Gs defined in loop (cell-var-from-loop)
W:2368,68: Cell variable dGs defined in loop (cell-var-from-loop)
W:2369,45: Cell variable scaleVals defined in loop (cell-var-from-loop)
W:2420,68: Cell variable Gs defined in loop (cell-var-from-loop)
W:2420,72: Cell variable dGs defined in loop (cell-var-from-loop)
W:2421,49: Cell variable scaleVals defined in loop (cell-var-from-loop)
W:2432,79: Cell variable blocks defined in loop (cell-var-from-loop)
W:2432,86: Cell variable iBlk defined in loop (cell-var-from-loop)
W:2578,62: Cell variable Gs defined in loop (cell-var-from-loop)
W:2578,66: Cell variable scaleVals defined in loop (cell-var-from-loop)
W:2580,64: Cell variable Gs defined in loop (cell-var-from-loop)
W:2580,68: Cell variable dGs defined in loop (cell-var-from-loop)
W:2580,73: Cell variable scaleVals defined in loop (cell-var-from-loop)
W:2582,64: Cell variable Gs defined in loop (cell-var-from-loop)
W:2582,68: Cell variable dGs defined in loop (cell-var-from-loop)
W:2582,73: Cell variable hGs defined in loop (cell-var-from-loop)
W:2583,49: Cell variable scaleVals defined in loop (cell-var-from-loop)
W:2637,68: Cell variable Gs defined in loop (cell-var-from-loop)
W:2637,72: Cell variable dGs defined in loop (cell-var-from-loop)
W:2637,77: Cell variable hGs defined in loop (cell-var-from-loop)
W:2638,31: Cell variable scaleVals defined in loop (cell-var-from-loop)
W:2648,79: Cell variable blocks defined in loop (cell-var-from-loop)
W:2648,86: Cell variable iBlk defined in loop (cell-var-from-loop)
W:3451,28: Access to a protected member _make_spamgate of a client class (protected-access)
W:3461,28: Access to a protected member _make_spamgate of a client class (protected-access)
W:3501,28: Access to a protected member _make_spamgate of a client class (protected-access)
W:3512,28: Access to a protected member _make_spamgate of a client class (protected-access)
************* Module pygsti.objects.evaltree
W:418, 0: TODO: how to split a tree intelligently -- for now, just do (fixme)
W:460, 0: TODO: improve tree efficiency via better splitting? (fixme)
W:  7, 0: String statement has no effect (pointless-string-statement)
W: 25, 4: Dangerous default value [] as argument (dangerous-default-value)
W: 91, 8: Unused variable 'useCounts' (unused-variable)
W:317,24: Used builtin function 'map'. Using a list comprehension can be clearer. (bad-builtin)
W:403,51: Used builtin function 'map'. Using a list comprehension can be clearer. (bad-builtin)
W:387,26: Unused variable 'intSize' (unused-variable)
W:528,22: Unused variable 'iFinal' (unused-variable)
W:595,46: Used builtin function 'map'. Using a list comprehension can be clearer. (bad-builtin)
W:595,91: Used builtin function 'map'. Using a list comprehension can be clearer. (bad-builtin)
W:571,29: Unused variable 'iFinal' (unused-variable)
W:621,30: Unused variable 'iFinal' (unused-variable)
W:137, 8: Attribute 'parentIndexMap' defined outside __init__ (attribute-defined-outside-init)
W:146, 8: Attribute 'parentIndexMap' defined outside __init__ (attribute-defined-outside-init)
W:506,12: Attribute 'parentIndexMap' defined outside __init__ (attribute-defined-outside-init)
W:  9, 0: Unused re imported as _re (unused-import)
************* Module pygsti.objects.verbosityprinter
W:  2, 0: Reimport 'print_function' (imported line 1) (reimported)
W: 34,-1: String statement has no effect (pointless-string-statement)
W:196, 4: Dangerous default value [] as argument (dangerous-default-value)
W:196,46: Unused argument 'messageLevel' (unused-argument)
W:300,-1: String statement has no effect (pointless-string-statement)
W:  6, 0: Unused os imported as _os (unused-import)
************* Module pygsti.objects.multidataset
W:  7, 0: String statement has no effect (pointless-string-statement)
W:132,16: Unused variable 'minIndex' (unused-variable)
W:134,20: Unused variable 'dsName' (unused-variable)
W:283,51: Used builtin function 'map'. Using a list comprehension can be clearer. (bad-builtin)
W:293,41: Used builtin function 'map'. Using a list comprehension can be clearer. (bad-builtin)
W:316,41: Used builtin function 'map'. Using a list comprehension can be clearer. (bad-builtin)
W:332,12: Unused variable 'key' (unused-variable)
W: 11, 0: Unused warnings imported as _warnings (unused-import)
W: 15, 0: Unused dataset imported as _ds (unused-import)
************* Module pygsti.objects.spamvec
W: 10,-1: String statement has no effect (pointless-string-statement)
W:145,16: Unused variable 'dim' (unused-variable)
************* Module pygsti.objects.exceptions
W:  7, 0: String statement has no effect (pointless-string-statement)
************* Module pygsti.objects.labeldicts
W:230, 0: TODO: perhaps add checks that value == (prepLabel,effectLabel) labels exist (fixme)
W: 15, 4: Dangerous default value [] as argument (dangerous-default-value)
W: 20, 4: Arguments number differs from overridden '__setitem__' method (arguments-differ)
W: 34, 4: Dangerous default value [] as argument (dangerous-default-value)
W: 44,12: Access to a protected member _dim of a client class (protected-access)
W: 84, 4: Arguments number differs from overridden 'copy' method (arguments-differ)
W:115, 4: Dangerous default value [] as argument (dangerous-default-value)
W:138,12: Access to a protected member _dim of a client class (protected-access)
W:128,16: Unused variable 'd2' (unused-variable)
W:171, 4: Arguments number differs from overridden 'copy' method (arguments-differ)
W:200, 4: Dangerous default value [] as argument (dangerous-default-value)
W:205, 4: Arguments number differs from overridden '__setitem__' method (arguments-differ)